<?xml version="1.0" encoding="UTF-8"?>
<!-- Generated by org.testng.reporters.JUnitReportReporter -->
<testsuite hostname="amanjain-WX-2" name="br.com.cinq.sample.controller.ControllerTest" tests="4" failures="0" timestamp="5 Jun 2017 15:12:51 GMT" time="0.376" errors="0">
  <testcase name="testDualLoadData" time="0.234" classname="br.com.cinq.sample.controller.ControllerTest"/>
  <testcase name="testGetCities" time="0.053" classname="br.com.cinq.sample.controller.ControllerTest"/>
  <testcase name="testNoMatchingCountry" time="0.045" classname="br.com.cinq.sample.controller.ControllerTest"/>
  <testcase name="testLoadData" time="0.044" classname="br.com.cinq.sample.controller.ControllerTest"/>
</testsuite> <!-- br.com.cinq.sample.controller.ControllerTest -->
