<?xml version="1.0" encoding="UTF-8"?>
<!-- Generated by org.testng.reporters.JUnitReportReporter -->
<testsuite hostname="amanjain-WX-2" name="br.com.cinq.sample.dao.CountryDaoImplTest" tests="2" failures="0" timestamp="5 Jun 2017 18:40:01 GMT" time="0.143" errors="0">
  <testcase name="testSaveCountry" time="0.049" classname="br.com.cinq.sample.dao.CountryDaoImplTest"/>
  <testcase name="testGetAllCountries" time="0.094" classname="br.com.cinq.sample.dao.CountryDaoImplTest"/>
</testsuite> <!-- br.com.cinq.sample.dao.CountryDaoImplTest -->
