<?xml version="1.0" encoding="UTF-8"?>
<!-- Generated by org.testng.reporters.JUnitReportReporter -->
<testsuite hostname="amanjain-WX-2" name="br.com.cinq.sample.controller.AppControllerTest" tests="5" failures="0" timestamp="5 Jun 2017 18:40:01 GMT" time="0.482" errors="0">
  <testcase name="testNoMatchingCountry" time="0.063" classname="br.com.cinq.sample.controller.AppControllerTest"/>
  <testcase name="testDualLoadData" time="0.111" classname="br.com.cinq.sample.controller.AppControllerTest"/>
  <testcase name="testLoadData" time="0.039" classname="br.com.cinq.sample.controller.AppControllerTest"/>
  <testcase name="testGetCities" time="0.048" classname="br.com.cinq.sample.controller.AppControllerTest"/>
  <testcase name="testAddNewCities" time="0.221" classname="br.com.cinq.sample.controller.AppControllerTest"/>
</testsuite> <!-- br.com.cinq.sample.controller.AppControllerTest -->
