<?xml version="1.0" encoding="UTF-8"?>
<!-- Generated by org.testng.reporters.JUnitReportReporter -->
<testsuite hostname="amanjain-WX-2" name="br.com.cinq.sample.service.CityServiceImplTest" tests="3" failures="0" timestamp="5 Jun 2017 18:40:01 GMT" time="0.030" errors="0">
  <testcase name="testFindByCountryName" time="0.002" classname="br.com.cinq.sample.service.CityServiceImplTest"/>
  <testcase name="testAddCity" time="0.028" classname="br.com.cinq.sample.service.CityServiceImplTest"/>
  <testcase name="testGetAllCities" time="0.000" classname="br.com.cinq.sample.service.CityServiceImplTest"/>
</testsuite> <!-- br.com.cinq.sample.service.CityServiceImplTest -->
