<?xml version="1.0" encoding="UTF-8"?>
<!-- Generated by org.testng.reporters.JUnitReportReporter -->
<testsuite hostname="amanjain-WX-2" name="br.com.cinq.sample.dao.CityDaoImplTest" tests="5" failures="0" timestamp="5 Jun 2017 18:40:01 GMT" time="0.671" errors="0">
  <testcase name="testGetMatchingCities" time="0.196" classname="br.com.cinq.sample.dao.CityDaoImplTest"/>
  <testcase name="testSaveCity" time="0.124" classname="br.com.cinq.sample.dao.CityDaoImplTest"/>
  <testcase name="testGetAllCities" time="0.200" classname="br.com.cinq.sample.dao.CityDaoImplTest"/>
  <testcase name="testInsertDuplicates" time="0.085" classname="br.com.cinq.sample.dao.CityDaoImplTest"/>
  <testcase name="testFindByName" time="0.066" classname="br.com.cinq.sample.dao.CityDaoImplTest"/>
</testsuite> <!-- br.com.cinq.sample.dao.CityDaoImplTest -->
